SF:lib/yuya.dart
DA:12,0
LF:1
LH:0
end_of_record
SF:lib/yuya_ffi_loader.dart
DA:23,1
DA:32,2
DA:33,1
DA:34,1
DA:35,1
DA:36,1
DA:37,1
DA:38,1
DA:49,1
DA:56,1
DA:57,1
DA:58,1
DA:59,2
DA:60,1
DA:61,1
DA:71,1
DA:72,1
DA:74,3
DA:78,2
DA:80,1
DA:81,1
DA:82,3
DA:90,0
DA:92,0
DA:98,1
DA:99,1
DA:100,0
DA:104,1
DA:106,4
DA:108,1
DA:111,2
DA:112,3
DA:113,1
DA:117,1
DA:118,1
DA:119,2
DA:122,2
DA:123,0
DA:125,0
DA:126,0
DA:127,0
DA:132,2
DA:133,1
DA:137,1
DA:145,1
DA:146,1
DA:151,1
DA:152,2
DA:153,1
DA:154,1
DA:156,2
DA:158,1
DA:159,1
DA:160,1
DA:161,1
DA:166,1
DA:167,1
DA:168,0
DA:171,0
DA:172,0
DA:173,0
DA:176,0
DA:178,0
DA:180,0
DA:187,1
LF:65
LH:51
end_of_record
